<?xml version="1.0" encoding="UTF-8"?>
<!-- Generated by org.testng.reporters.JUnitReportReporter -->
<testsuite hostname="MACs-MacBook-Pro.local" name="com.pets.tests.TestPOSTAddNewPet" tests="1" failures="0" timestamp="23 Aug 2020 08:19:48 GMT" time="3.409" errors="0">
  <testcase name="postNewPet" time="3.409" classname="com.pets.tests.TestPOSTAddNewPet"/>
</testsuite> <!-- com.pets.tests.TestPOSTAddNewPet -->
