<?xml version="1.0" encoding="UTF-8"?>
<!-- Generated by org.testng.reporters.JUnitReportReporter -->
<testsuite hostname="MACs-MacBook-Pro.local" name="com.pets.tests.TestGETPetByID" tests="2" failures="0" timestamp="23 Aug 2020 07:46:55 GMT" time="4.076" errors="0">
  <testcase name="getPetsByID" time="3.252" classname="com.pets.tests.TestGETPetByID"/>
  <testcase name="getPetsByIDNotExist" time="0.824" classname="com.pets.tests.TestGETPetByID"/>
</testsuite> <!-- com.pets.tests.TestGETPetByID -->
