<?xml version="1.0" encoding="UTF-8"?>
<!-- Generated by org.testng.reporters.JUnitReportReporter -->
<testsuite hostname="MACs-MacBook-Pro.local" name="com.pets.tests.SmokeTest" tests="4" failures="0" timestamp="22 Aug 2020 18:20:31 GMT" time="6.072" errors="0">
  <testcase name="getPetsByID" time="3.455" classname="com.pets.tests.SmokeTest"/>
  <testcase name="getPetsByStatusAvalible" time="0.901" classname="com.pets.tests.SmokeTest"/>
  <testcase name="getPetsByStatuspending" time="0.860" classname="com.pets.tests.SmokeTest"/>
  <testcase name="getPetsByStatussold" time="0.856" classname="com.pets.tests.SmokeTest"/>
</testsuite> <!-- com.pets.tests.SmokeTest -->
